\BOOKMARK [1][-]{section.1}{\376\377\000T\000S\000P\225\356\230\230\116\313\176\315}{}% 1
\BOOKMARK [2][-]{subsection.1.1}{\376\377\000T\000S\000P\225\356\230\230\166\204\145\160\133\146\152\041\127\213}{section.1}% 2
\BOOKMARK [2][-]{subsection.1.2}{\376\377\000T\000S\000P\225\356\230\230\145\160\143\156\226\306}{section.1}% 3
\BOOKMARK [2][-]{subsection.1.3}{\376\377\000A\000T\000S\000P\225\356\230\230\217\154\123\026\116\072\000T\000S\000P\225\356\230\230}{section.1}% 4
\BOOKMARK [3][-]{subsubsection.1.3.1}{\376\377\145\071\121\231\215\335\171\273\203\267\123\326\121\375\145\160}{subsection.1.3}% 5
\BOOKMARK [3][-]{subsubsection.1.3.2}{\376\377\147\204\220\040\145\260\166\204\220\273\143\245\167\351\226\065}{subsection.1.3}% 6
\BOOKMARK [1][-]{section.2}{\376\377\154\102\211\343\000T\000S\000P\225\356\230\230\166\204\173\227\154\325}{}% 7
\BOOKMARK [2][-]{subsection.2.1}{\376\377\174\276\170\156\173\227\154\325}{section.2}% 8
\BOOKMARK [3][-]{subsubsection.2.1.1}{\376\377\122\006\145\057\133\232\165\114\154\325}{subsection.2.1}% 9
\BOOKMARK [3][-]{subsubsection.2.1.2}{\376\377\176\277\140\047\211\304\122\022\173\227\154\325}{subsection.2.1}% 10
\BOOKMARK [3][-]{subsubsection.2.1.3}{\376\377\122\250\140\001\211\304\122\022\173\227\154\325}{subsection.2.1}% 11
\BOOKMARK [2][-]{subsection.2.2}{\376\377\124\057\123\321\137\017\173\227\154\325}{section.2}% 12
\BOOKMARK [2][-]{subsection.2.3}{\376\377\155\361\136\246\133\146\116\140\173\227\154\325}{section.2}% 13
\BOOKMARK [1][-]{section.3}{\376\377\171\201\137\314\144\034\175\042\173\227\154\325}{}% 14
\BOOKMARK [2][-]{subsection.3.1}{\376\377\171\201\137\314\144\034\175\042\173\227\154\325\154\102\211\343\000T\000S\000P\225\356\230\230}{section.3}% 15
\BOOKMARK [3][-]{subsubsection.3.1.1}{\376\377\173\227\154\325\121\163\225\056\211\201\175\040}{subsection.3.1}% 16
\BOOKMARK [3][-]{subsubsection.3.1.2}{\376\377\173\227\154\325\133\236\163\260}{subsection.3.1}% 17
\BOOKMARK [3][-]{subsubsection.3.1.3}{\376\377\173\227\154\325\117\030\123\026}{subsection.3.1}% 18
\BOOKMARK [3][-]{subsubsection.3.1.4}{\376\377\213\255\176\303\217\307\172\013\123\302\145\160\143\247\122\066}{subsection.3.1}% 19
\BOOKMARK [1][-]{section.4}{\376\377\174\222\133\120\177\244\117\030\123\026\173\227\154\325}{}% 20
\BOOKMARK [2][-]{subsection.4.1}{\376\377\174\222\133\120\177\244\173\227\154\325\116\313\176\315}{section.4}% 21
\BOOKMARK [2][-]{subsection.4.2}{\376\377\215\205\123\302\145\160\377\010\174\222\133\120\116\052\145\160\060\001\217\355\116\343\153\041\145\160\173\111\377\011\133\371\144\034\175\042\140\047\200\375\166\204\143\242\172\166}{section.4}% 22
\BOOKMARK [3][-]{subsubsection.4.2.1}{\376\377\117\177\165\050\133\371\145\160\127\120\150\007\174\373\217\333\210\114\123\357\211\306\123\026}{subsection.4.2}% 23
\BOOKMARK [2][-]{subsection.4.3}{\376\377\173\227\154\325\133\236\163\260}{section.4}% 24
\BOOKMARK [2][-]{subsection.4.4}{\376\377\133\371\161\147\213\325\232\214}{section.4}% 25
\BOOKMARK [3][-]{subsubsection.4.4.1}{\376\377\133\236\232\214\213\276\213\241}{subsection.4.4}% 26
\BOOKMARK [3][-]{subsubsection.4.4.2}{\376\377\133\236\232\214\122\006\147\220}{subsection.4.4}% 27
\BOOKMARK [1][-]{section.5}{\376\377\206\201\177\244\173\227\154\325}{}% 28
\BOOKMARK [1][-]{section.6}{\376\377\140\073\117\123\173\227\154\325\133\236\163\260\060\001\116\343\170\001\116\256\160\271}{}% 29
\BOOKMARK [2][-]{subsection.6.1}{\376\377\123\357\131\015\163\260\140\047}{section.6}% 30
\BOOKMARK [2][-]{subsection.6.2}{\376\377\123\357\211\306\123\026}{section.6}% 31
\BOOKMARK [2][-]{subsection.6.3}{\376\377\000T\000S\000P\225\356\230\230\215\357\137\204\123\357\211\306\123\026}{section.6}% 32
\BOOKMARK [2][-]{subsection.6.4}{\376\377\214\003\213\325\135\345\121\167}{section.6}% 33
\BOOKMARK [3][-]{subsubsection.6.4.1}{\376\377\173\227\154\325\145\110\163\207}{subsection.6.4}% 34
\BOOKMARK [3][-]{subsubsection.6.4.2}{\376\377\173\227\154\325\123\357\227\140\140\047}{subsection.6.4}% 35
\BOOKMARK [1][-]{appendix.A}{\376\377\226\104\137\125}{}% 36
\BOOKMARK [2][-]{subsection.A.1}{\376\377\172\013\136\217\116\343\170\001}{appendix.A}% 37
\BOOKMARK [2][-]{subsection.A.2}{\376\377\126\376\162\107}{appendix.A}% 38
